[INFO] Scanning for projects...
[WARNING] 
[WARNING] Some problems were encountered while building the effective model for com.timeline:timeline-todo-backend:jar:0.1.0
[WARNING] 'build.plugins.plugin.version' for org.springframework.boot:spring-boot-maven-plugin is missing. @ line 56, column 15
[WARNING] 
[WARNING] It is highly recommended to fix these problems because they threaten the stability of your build.
[WARNING] 
[WARNING] For this reason, future Maven versions might no longer support building such malformed projects.
[WARNING] 
[INFO] 
[INFO] -----------------< com.timeline:timeline-todo-backend >-----------------
[INFO] Building timeline-todo-backend 0.1.0
[INFO]   from pom.xml
[INFO] --------------------------------[ jar ]---------------------------------
[INFO] 
[INFO] >>> spring-boot:4.1.0-M2:run (default-cli) > test-compile @ timeline-todo-backend >>>
[INFO] 
[INFO] --- resources:3.3.1:resources (default-resources) @ timeline-todo-backend ---
[INFO] Copying 1 resource from src\main\resources to target\classes
[INFO] 
[INFO] --- compiler:3.13.0:compile (default-compile) @ timeline-todo-backend ---
[INFO] Nothing to compile - all classes are up to date.
[INFO] 
[INFO] --- resources:3.3.1:testResources (default-testResources) @ timeline-todo-backend ---
[INFO] skip non existing resourceDirectory G:\codexThread\砐醴\backend\src\test\resources
[INFO] 
[INFO] --- compiler:3.13.0:testCompile (default-testCompile) @ timeline-todo-backend ---
[INFO] No sources to compile
[INFO] 
[INFO] <<< spring-boot:4.1.0-M2:run (default-cli) < test-compile @ timeline-todo-backend <<<
[INFO] 
[INFO] 
[INFO] --- spring-boot:4.1.0-M2:run (default-cli) @ timeline-todo-backend ---
[INFO] Attaching agents: []

  .   ____          _            __ _ _
 /\\ / ___'_ __ _ _(_)_ __  __ _ \ \ \ \
( ( )\___ | '_ | '_| | '_ \/ _` | \ \ \ \
 \\/  ___)| |_)| | | | | || (_| |  ) ) ) )
  '  |____| .__|_| |_|_| |_\__, | / / / /
 =========|_|==============|___/=/_/_/_/
 :: Spring Boot ::                (v3.2.5)

2026-03-17T00:24:44.254+08:00  INFO 17184 --- [           main] c.timeline.todo.TimelineTodoApplication  : Starting TimelineTodoApplication using Java 17.0.8 with PID 17184 (G:\codexThread\砐醴\backend\target\classes started by 25054 in G:\codexThread\砐醴\backend)
2026-03-17T00:24:44.257+08:00  INFO 17184 --- [           main] c.timeline.todo.TimelineTodoApplication  : No active profile set, falling back to 1 default profile: "default"
2026-03-17T00:24:44.882+08:00  INFO 17184 --- [           main] .s.d.r.c.RepositoryConfigurationDelegate : Bootstrapping Spring Data JPA repositories in DEFAULT mode.
2026-03-17T00:24:44.952+08:00  INFO 17184 --- [           main] .s.d.r.c.RepositoryConfigurationDelegate : Finished Spring Data repository scanning in 62 ms. Found 3 JPA repository interfaces.
2026-03-17T00:24:45.570+08:00  INFO 17184 --- [           main] o.s.b.w.embedded.tomcat.TomcatWebServer  : Tomcat initialized with port 8080 (http)
2026-03-17T00:24:45.585+08:00  INFO 17184 --- [           main] o.apache.catalina.core.StandardService   : Starting service [Tomcat]
2026-03-17T00:24:45.586+08:00  INFO 17184 --- [           main] o.apache.catalina.core.StandardEngine    : Starting Servlet engine: [Apache Tomcat/10.1.20]
2026-03-17T00:24:45.649+08:00  INFO 17184 --- [           main] o.a.c.c.C.[Tomcat].[localhost].[/]       : Initializing Spring embedded WebApplicationContext
2026-03-17T00:24:45.650+08:00  INFO 17184 --- [           main] w.s.c.ServletWebServerApplicationContext : Root WebApplicationContext: initialization completed in 1346 ms
2026-03-17T00:24:45.797+08:00  INFO 17184 --- [           main] o.hibernate.jpa.internal.util.LogHelper  : HHH000204: Processing PersistenceUnitInfo [name: default]
2026-03-17T00:24:45.848+08:00  INFO 17184 --- [           main] org.hibernate.Version                    : HHH000412: Hibernate ORM core version 6.4.4.Final
2026-03-17T00:24:45.878+08:00  INFO 17184 --- [           main] o.h.c.internal.RegionFactoryInitiator    : HHH000026: Second-level cache disabled
2026-03-17T00:24:46.106+08:00  INFO 17184 --- [           main] o.s.o.j.p.SpringPersistenceUnitInfo      : No LoadTimeWeaver setup: ignoring JPA class transformer
2026-03-17T00:24:46.140+08:00  INFO 17184 --- [           main] com.zaxxer.hikari.HikariDataSource       : HikariPool-1 - Starting...
2026-03-17T00:24:46.324+08:00  INFO 17184 --- [           main] com.zaxxer.hikari.pool.HikariPool        : HikariPool-1 - Added connection com.mysql.cj.jdbc.ConnectionImpl@7cb29ea8
2026-03-17T00:24:46.326+08:00  INFO 17184 --- [           main] com.zaxxer.hikari.HikariDataSource       : HikariPool-1 - Start completed.
2026-03-17T00:24:47.340+08:00  INFO 17184 --- [           main] o.h.e.t.j.p.i.JtaPlatformInitiator       : HHH000489: No JTA platform available (set 'hibernate.transaction.jta.platform' to enable JTA platform integration)
2026-03-17T00:24:47.423+08:00  INFO 17184 --- [           main] j.LocalContainerEntityManagerFactoryBean : Initialized JPA EntityManagerFactory for persistence unit 'default'
2026-03-17T00:24:47.908+08:00  WARN 17184 --- [           main] JpaBaseConfiguration$JpaWebConfiguration : spring.jpa.open-in-view is enabled by default. Therefore, database queries may be performed during view rendering. Explicitly configure spring.jpa.open-in-view to disable this warning
2026-03-17T00:24:48.233+08:00  INFO 17184 --- [           main] o.s.b.w.embedded.tomcat.TomcatWebServer  : Tomcat started on port 8080 (http) with context path ''
2026-03-17T00:24:48.235+08:00  INFO 17184 --- [           main] o.s.m.s.b.SimpleBrokerMessageHandler     : Starting...
2026-03-17T00:24:48.236+08:00  INFO 17184 --- [           main] o.s.m.s.b.SimpleBrokerMessageHandler     : BrokerAvailabilityEvent[available=true, SimpleBrokerMessageHandler [org.springframework.messaging.simp.broker.DefaultSubscriptionRegistry@638e8194]]
2026-03-17T00:24:48.236+08:00  INFO 17184 --- [           main] o.s.m.s.b.SimpleBrokerMessageHandler     : Started.
2026-03-17T00:24:48.246+08:00  INFO 17184 --- [           main] c.timeline.todo.TimelineTodoApplication  : Started TimelineTodoApplication in 4.421 seconds (process running for 4.766)
2026-03-17T00:25:48.226+08:00  INFO 17184 --- [MessageBroker-1] o.s.w.s.c.WebSocketMessageBrokerStats    : WebSocketSession[0 current WS(0)-HttpStream(0)-HttpPoll(0), 0 total, 0 closed abnormally (0 connect failure, 0 send limit, 0 transport error)], stompSubProtocol[processed CONNECT(0)-CONNECTED(0)-DISCONNECT(0)], stompBrokerRelay[null], inboundChannel[pool size = 0, active threads = 0, queued tasks = 0, completed tasks = 0], outboundChannel[pool size = 0, active threads = 0, queued tasks = 0, completed tasks = 0], sockJsScheduler[pool size = 2, active threads = 1, queued tasks = 1, completed tasks = 0]
2026-03-17T00:26:33.857+08:00  INFO 17184 --- [nio-8080-exec-1] o.a.c.c.C.[Tomcat].[localhost].[/]       : Initializing Spring DispatcherServlet 'dispatcherServlet'
2026-03-17T00:26:33.857+08:00  INFO 17184 --- [nio-8080-exec-1] o.s.web.servlet.DispatcherServlet        : Initializing Servlet 'dispatcherServlet'
2026-03-17T00:26:33.858+08:00  INFO 17184 --- [nio-8080-exec-1] o.s.web.servlet.DispatcherServlet        : Completed initialization in 1 ms
2026-03-17T00:55:48.233+08:00  INFO 17184 --- [MessageBroker-2] o.s.w.s.c.WebSocketMessageBrokerStats    : WebSocketSession[0 current WS(0)-HttpStream(0)-HttpPoll(0), 0 total, 0 closed abnormally (0 connect failure, 0 send limit, 0 transport error)], stompSubProtocol[processed CONNECT(0)-CONNECTED(0)-DISCONNECT(0)], stompBrokerRelay[null], inboundChannel[pool size = 0, active threads = 0, queued tasks = 0, completed tasks = 0], outboundChannel[pool size = 0, active threads = 0, queued tasks = 0, completed tasks = 0], sockJsScheduler[pool size = 3, active threads = 1, queued tasks = 1, completed tasks = 1]
^C